c:\users\parusi\source\repos\receipttranslator\receipttranslator\x64\debug\pch.pch
c:\users\parusi\source\repos\receipttranslator\receipttranslator\x64\debug\vc143.pdb
c:\users\parusi\source\repos\receipttranslator\receipttranslator\x64\debug\vc143.idb
c:\users\parusi\source\repos\receipttranslator\receipttranslator\x64\debug\pch.obj
c:\users\parusi\source\repos\receipttranslator\x64\debug\microsoft.windowsappruntime.bootstrap.dll
c:\users\parusi\source\repos\receipttranslator\x64\debug\microsoft.graphics.canvas.dll
c:\users\parusi\source\repos\receipttranslator\x64\debug\microsoft.graphics.canvas.winmd
c:\users\parusi\source\repos\receipttranslator\x64\debug\receipttranslator.exe
c:\users\parusi\source\repos\receipttranslator\x64\debug\receipttranslator.pdb
c:\users\parusi\source\repos\receipttranslator\receipttranslator\x64\debug\receipttranslator.ilk
c:\users\parusi\source\repos\receipttranslator\receipttranslator\x64\debug\receipttranslator.vcxproj.assemblyreference.cache
c:\users\parusi\source\repos\receipttranslator\receipttranslator\x64\debug\receipttranslator.vcxproj.cppwinrt_ref.cache
c:\users\parusi\source\repos\receipttranslator\receipttranslator\x64\debug\receipttranslator.vcxproj.cppwinrt_comp.rsp
c:\users\parusi\source\repos\receipttranslator\receipttranslator\x64\debug\receipttranslator.vcxproj.cppwinrt_plat.rsp
c:\users\parusi\source\repos\receipttranslator\receipttranslator\x64\debug\receipttranslator.vcxproj.cppwinrt_ref.rsp
c:\users\parusi\source\repos\receipttranslator\receipttranslator\x64\debug\receipttranslator.vcxproj.mdmerge.rsp
c:\users\parusi\source\repos\receipttranslator\receipttranslator\x64\debug\receipttranslator.vcxproj.midlrt.rsp
c:\users\parusi\source\repos\receipttranslator\receipttranslator\x64\debug\receipttranslator.pdb
c:\users\parusi\source\repos\receipttranslator\receipttranslator\x64\debug\receiptt.87114b1d.tlog\cl.command.1.tlog
c:\users\parusi\source\repos\receipttranslator\receipttranslator\x64\debug\receiptt.87114b1d.tlog\cl.items.tlog
c:\users\parusi\source\repos\receipttranslator\receipttranslator\x64\debug\receiptt.87114b1d.tlog\cl.read.1.tlog
c:\users\parusi\source\repos\receipttranslator\receipttranslator\x64\debug\receiptt.87114b1d.tlog\cl.write.1.tlog
c:\users\parusi\source\repos\receipttranslator\receipttranslator\x64\debug\receiptt.87114b1d.tlog\copylocal.read.1u.tlog
c:\users\parusi\source\repos\receipttranslator\receipttranslator\x64\debug\receiptt.87114b1d.tlog\copylocal.write.1u.tlog
c:\users\parusi\source\repos\receipttranslator\receipttranslator\x64\debug\receiptt.87114b1d.tlog\link.command.1.tlog
c:\users\parusi\source\repos\receipttranslator\receipttranslator\x64\debug\receiptt.87114b1d.tlog\link.read.1.tlog
c:\users\parusi\source\repos\receipttranslator\receipttranslator\x64\debug\receiptt.87114b1d.tlog\link.secondary.1.tlog
c:\users\parusi\source\repos\receipttranslator\receipttranslator\x64\debug\receiptt.87114b1d.tlog\link.write.1.tlog
